
SQL*Loader: Release 11.2.0.2.0 - Production on Fri Oct 16 15:27:48 2015

Copyright (c) 1982, 2009, Oracle and/or its affiliates.  All rights reserved.

Control File:   C:\Users\bhavs\Desktop\DBMS\exam\profession.ctl
Data File:      C:\Users\bhavs\Desktop\DBMS\exam\profession.csv
  Bad File:     C:\Users\bhavs\Desktop\DBMS\exam\profession.bad
  Discard File:  none specified
 
 (Allow all discards)

Number to load: ALL
Number to skip: 0
Errors allowed: 50
Bind array:     64 rows, maximum of 256000 bytes
Continuation:    none specified
Path used:      Conventional

Table PROFESSION, loaded from every logical record.
Insert option in effect for this table: TRUNCATE

   Column Name                  Position   Len  Term Encl Datatype
------------------------------ ---------- ----- ---- ---- ---------------------
USERID                              FIRST     *   ,  O(#) CHARACTER            
WORKCLASS                            NEXT     *   ,  O(#) CHARACTER            
FNLWGT                               NEXT     *   ,  O(#) CHARACTER            
EDUCATION                            NEXT     *   ,  O(#) CHARACTER            
EDUCATION_NUM                        NEXT     *   ,  O(#) CHARACTER            
OCCUPATION                           NEXT     *   ,  O(#) CHARACTER            
CAPITAL_GAIN                         NEXT     *   ,  O(#) CHARACTER            
CAPITAL_LOSS                         NEXT     *   ,  O(#) CHARACTER            
HOURS_PER_WEEK                       NEXT     *   ,  O(#) CHARACTER            
SALARY                               NEXT     *   ,  O(#) CHARACTER            


Table PROFESSION:
  32561 Rows successfully loaded.
  0 Rows not loaded due to data errors.
  0 Rows not loaded because all WHEN clauses were failed.
  0 Rows not loaded because all fields were null.


Space allocated for bind array:                 165120 bytes(64 rows)
Read   buffer bytes: 1048576

Total logical records skipped:          0
Total logical records read:         32561
Total logical records rejected:         0
Total logical records discarded:        0

Run began on Fri Oct 16 15:27:48 2015
Run ended on Fri Oct 16 15:27:53 2015

Elapsed time was:     00:00:04.77
CPU time was:         00:00:00.33
